<html>
<head>
<title>TestNG:  EmployeesRestAPITest</title>
<link href="../testng.css" rel="stylesheet" type="text/css" />
<link href="../my-testng.css" rel="stylesheet" type="text/css" />

<style type="text/css">
.log { display: none;} 
.stack-trace { display: none;} 
</style>
<script type="text/javascript">
<!--
function flip(e) {
  current = e.style.display;
  if (current == 'block') {
    e.style.display = 'none';
    return 0;
  }
  else {
    e.style.display = 'block';
    return 1;
  }
}

function toggleBox(szDivId, elem, msg1, msg2)
{
  var res = -1;  if (document.getElementById) {
    res = flip(document.getElementById(szDivId));
  }
  else if (document.all) {
    // this is the way old msie versions work
    res = flip(document.all[szDivId]);
  }
  if(elem) {
    if(res == 0) elem.innerHTML = msg1; else elem.innerHTML = msg2;
  }

}

function toggleAllBoxes() {
  if (document.getElementsByTagName) {
    d = document.getElementsByTagName('div');
    for (i = 0; i < d.length; i++) {
      if (d[i].className == 'log') {
        flip(d[i]);
      }
    }
  }
}

// -->
</script>

</head>
<body>
<h2 align='center'>EmployeesRestAPITest</h2><table border='1' align="center">
<tr>
<td>Tests passed/Failed/Skipped:</td><td>28/10/0</td>
</tr><tr>
<td>Started on:</td><td>Mon Aug 15 20:30:25 IST 2022</td>
</tr>
<tr><td>Total time:</td><td>33 seconds (33552 ms)</td>
</tr><tr>
<td>Included groups:</td><td></td>
</tr><tr>
<td>Excluded groups:</td><td></td>
</tr>
</table><p/>
<small><i>(Hover the method name to see the test class name)</i></small><p/>
<table width='100%' border='1' class='invocation-failed'>
<tr><td colspan='4' align='center'><b>FAILED TESTS</b></td></tr>
<tr><td><b>Test method</b></td>
<td width="30%"><b>Exception</b></td>
<td width="10%"><b>Time (seconds)</b></td>
<td><b>Instance</b></td>
</tr>
<tr>
<td title='PageObject.TC003_POST_Employee_Record.checkContentEncoding()'><b>checkContentEncoding</b><br>Test class: PageObject.TC003_POST_Employee_Record</td>
<td><div><pre>java.lang.AssertionError: expected [gzip] but found [null]
	at PageObject.TC003_POST_Employee_Record.checkContentEncoding(TC003_POST_Employee_Record.java:128)
... Removed 29 stack frames</pre></div><a href='#' onClick='toggleBox("stack-trace1045336031", this, "Click to show all stack frames", "Click to hide stack frames")'>Click to show all stack frames</a>
<div class='stack-trace' id='stack-trace1045336031'><pre>java.lang.AssertionError: expected [gzip] but found [null]
	at org.testng.Assert.fail(Assert.java:96)
	at org.testng.Assert.failNotEquals(Assert.java:776)
	at org.testng.Assert.assertEqualsImpl(Assert.java:132)
	at org.testng.Assert.assertEquals(Assert.java:118)
	at org.testng.Assert.assertEquals(Assert.java:453)
	at org.testng.Assert.assertEquals(Assert.java:463)
	at PageObject.TC003_POST_Employee_Record.checkContentEncoding(TC003_POST_Employee_Record.java:128)
	at java.base/jdk.internal.reflect.DirectMethodHandleAccessor.invoke(DirectMethodHandleAccessor.java:104)
	at java.base/java.lang.reflect.Method.invoke(Method.java:577)
	at org.testng.internal.MethodInvocationHelper.invokeMethod(MethodInvocationHelper.java:124)
	at org.testng.internal.Invoker.invokeMethod(Invoker.java:583)
	at org.testng.internal.Invoker.invokeTestMethod(Invoker.java:719)
	at org.testng.internal.Invoker.invokeTestMethods(Invoker.java:989)
	at org.testng.internal.TestMethodWorker.invokeTestMethods(TestMethodWorker.java:125)
	at org.testng.internal.TestMethodWorker.run(TestMethodWorker.java:109)
	at org.testng.TestRunner.privateRun(TestRunner.java:648)
	at org.testng.TestRunner.run(TestRunner.java:505)
	at org.testng.SuiteRunner.runTest(SuiteRunner.java:455)
	at org.testng.SuiteRunner.runSequentially(SuiteRunner.java:450)
	at org.testng.SuiteRunner.privateRun(SuiteRunner.java:415)
	at org.testng.SuiteRunner.run(SuiteRunner.java:364)
	at org.testng.SuiteRunnerWorker.runSuite(SuiteRunnerWorker.java:52)
	at org.testng.SuiteRunnerWorker.run(SuiteRunnerWorker.java:84)
	at org.testng.TestNG.runSuitesSequentially(TestNG.java:1208)
	at org.testng.TestNG.runSuitesLocally(TestNG.java:1137)
	at org.testng.TestNG.runSuites(TestNG.java:1049)
	at org.testng.TestNG.run(TestNG.java:1017)
	at org.testng.remote.AbstractRemoteTestNG.run(AbstractRemoteTestNG.java:115)
	at org.testng.remote.RemoteTestNG.initAndRun(RemoteTestNG.java:251)
	at org.testng.remote.RemoteTestNG.main(RemoteTestNG.java:77)
</pre></div></td>
<td>0</td>
<td>PageObject.TC003_POST_Employee_Record@5f8edcc5</td></tr>
<tr>
<td title='PageObject.TC001_GET_All_Employees.checkContentLength()'><b>checkContentLength</b><br>Test class: PageObject.TC001_GET_All_Employees</td>
<td><div><pre>java.lang.NumberFormatException: Cannot parse null string
	at java.base/java.lang.Integer.parseInt(Integer.java:630)
	at java.base/java.lang.Integer.parseInt(Integer.java:784)
	at PageObject.TC001_GET_All_Employees.checkContentLength(TC001_GET_All_Employees.java:88)
... Removed 23 stack frames</pre></div><a href='#' onClick='toggleBox("stack-trace818546553", this, "Click to show all stack frames", "Click to hide stack frames")'>Click to show all stack frames</a>
<div class='stack-trace' id='stack-trace818546553'><pre>java.lang.NumberFormatException: Cannot parse null string
	at java.base/java.lang.Integer.parseInt(Integer.java:630)
	at java.base/java.lang.Integer.parseInt(Integer.java:784)
	at PageObject.TC001_GET_All_Employees.checkContentLength(TC001_GET_All_Employees.java:88)
	at java.base/jdk.internal.reflect.DirectMethodHandleAccessor.invoke(DirectMethodHandleAccessor.java:104)
	at java.base/java.lang.reflect.Method.invoke(Method.java:577)
	at org.testng.internal.MethodInvocationHelper.invokeMethod(MethodInvocationHelper.java:124)
	at org.testng.internal.Invoker.invokeMethod(Invoker.java:583)
	at org.testng.internal.Invoker.invokeTestMethod(Invoker.java:719)
	at org.testng.internal.Invoker.invokeTestMethods(Invoker.java:989)
	at org.testng.internal.TestMethodWorker.invokeTestMethods(TestMethodWorker.java:125)
	at org.testng.internal.TestMethodWorker.run(TestMethodWorker.java:109)
	at org.testng.TestRunner.privateRun(TestRunner.java:648)
	at org.testng.TestRunner.run(TestRunner.java:505)
	at org.testng.SuiteRunner.runTest(SuiteRunner.java:455)
	at org.testng.SuiteRunner.runSequentially(SuiteRunner.java:450)
	at org.testng.SuiteRunner.privateRun(SuiteRunner.java:415)
	at org.testng.SuiteRunner.run(SuiteRunner.java:364)
	at org.testng.SuiteRunnerWorker.runSuite(SuiteRunnerWorker.java:52)
	at org.testng.SuiteRunnerWorker.run(SuiteRunnerWorker.java:84)
	at org.testng.TestNG.runSuitesSequentially(TestNG.java:1208)
	at org.testng.TestNG.runSuitesLocally(TestNG.java:1137)
	at org.testng.TestNG.runSuites(TestNG.java:1049)
	at org.testng.TestNG.run(TestNG.java:1017)
	at org.testng.remote.AbstractRemoteTestNG.run(AbstractRemoteTestNG.java:115)
	at org.testng.remote.RemoteTestNG.initAndRun(RemoteTestNG.java:251)
	at org.testng.remote.RemoteTestNG.main(RemoteTestNG.java:77)
</pre></div></td>
<td>0</td>
<td>PageObject.TC001_GET_All_Employees@117e949d</td></tr>
<tr>
<td title='PageObject.TC002_GET_Single_Employee.checkContentLength()'><b>checkContentLength</b><br>Test class: PageObject.TC002_GET_Single_Employee</td>
<td><div><pre>java.lang.NumberFormatException: Cannot parse null string
	at java.base/java.lang.Integer.parseInt(Integer.java:630)
	at java.base/java.lang.Integer.parseInt(Integer.java:784)
	at PageObject.TC002_GET_Single_Employee.checkContentLength(TC002_GET_Single_Employee.java:88)
... Removed 23 stack frames</pre></div><a href='#' onClick='toggleBox("stack-trace1807896178", this, "Click to show all stack frames", "Click to hide stack frames")'>Click to show all stack frames</a>
<div class='stack-trace' id='stack-trace1807896178'><pre>java.lang.NumberFormatException: Cannot parse null string
	at java.base/java.lang.Integer.parseInt(Integer.java:630)
	at java.base/java.lang.Integer.parseInt(Integer.java:784)
	at PageObject.TC002_GET_Single_Employee.checkContentLength(TC002_GET_Single_Employee.java:88)
	at java.base/jdk.internal.reflect.DirectMethodHandleAccessor.invoke(DirectMethodHandleAccessor.java:104)
	at java.base/java.lang.reflect.Method.invoke(Method.java:577)
	at org.testng.internal.MethodInvocationHelper.invokeMethod(MethodInvocationHelper.java:124)
	at org.testng.internal.Invoker.invokeMethod(Invoker.java:583)
	at org.testng.internal.Invoker.invokeTestMethod(Invoker.java:719)
	at org.testng.internal.Invoker.invokeTestMethods(Invoker.java:989)
	at org.testng.internal.TestMethodWorker.invokeTestMethods(TestMethodWorker.java:125)
	at org.testng.internal.TestMethodWorker.run(TestMethodWorker.java:109)
	at org.testng.TestRunner.privateRun(TestRunner.java:648)
	at org.testng.TestRunner.run(TestRunner.java:505)
	at org.testng.SuiteRunner.runTest(SuiteRunner.java:455)
	at org.testng.SuiteRunner.runSequentially(SuiteRunner.java:450)
	at org.testng.SuiteRunner.privateRun(SuiteRunner.java:415)
	at org.testng.SuiteRunner.run(SuiteRunner.java:364)
	at org.testng.SuiteRunnerWorker.runSuite(SuiteRunnerWorker.java:52)
	at org.testng.SuiteRunnerWorker.run(SuiteRunnerWorker.java:84)
	at org.testng.TestNG.runSuitesSequentially(TestNG.java:1208)
	at org.testng.TestNG.runSuitesLocally(TestNG.java:1137)
	at org.testng.TestNG.runSuites(TestNG.java:1049)
	at org.testng.TestNG.run(TestNG.java:1017)
	at org.testng.remote.AbstractRemoteTestNG.run(AbstractRemoteTestNG.java:115)
	at org.testng.remote.RemoteTestNG.initAndRun(RemoteTestNG.java:251)
	at org.testng.remote.RemoteTestNG.main(RemoteTestNG.java:77)
</pre></div></td>
<td>0</td>
<td>PageObject.TC002_GET_Single_Employee@6db9f5a4</td></tr>
<tr>
<td title='PageObject.TC004_PUT_Update_Record.checkContentType()'><b>checkContentType</b><br>Test class: PageObject.TC004_PUT_Update_Record</td>
<td><div><pre>java.lang.AssertionError: expected [application/json] but found [text/html; charset=UTF-8]
	at PageObject.TC004_PUT_Update_Record.checkContentType(TC004_PUT_Update_Record.java:106)
... Removed 29 stack frames</pre></div><a href='#' onClick='toggleBox("stack-trace1087519874", this, "Click to show all stack frames", "Click to hide stack frames")'>Click to show all stack frames</a>
<div class='stack-trace' id='stack-trace1087519874'><pre>java.lang.AssertionError: expected [application/json] but found [text/html; charset=UTF-8]
	at org.testng.Assert.fail(Assert.java:96)
	at org.testng.Assert.failNotEquals(Assert.java:776)
	at org.testng.Assert.assertEqualsImpl(Assert.java:137)
	at org.testng.Assert.assertEquals(Assert.java:118)
	at org.testng.Assert.assertEquals(Assert.java:453)
	at org.testng.Assert.assertEquals(Assert.java:463)
	at PageObject.TC004_PUT_Update_Record.checkContentType(TC004_PUT_Update_Record.java:106)
	at java.base/jdk.internal.reflect.DirectMethodHandleAccessor.invoke(DirectMethodHandleAccessor.java:104)
	at java.base/java.lang.reflect.Method.invoke(Method.java:577)
	at org.testng.internal.MethodInvocationHelper.invokeMethod(MethodInvocationHelper.java:124)
	at org.testng.internal.Invoker.invokeMethod(Invoker.java:583)
	at org.testng.internal.Invoker.invokeTestMethod(Invoker.java:719)
	at org.testng.internal.Invoker.invokeTestMethods(Invoker.java:989)
	at org.testng.internal.TestMethodWorker.invokeTestMethods(TestMethodWorker.java:125)
	at org.testng.internal.TestMethodWorker.run(TestMethodWorker.java:109)
	at org.testng.TestRunner.privateRun(TestRunner.java:648)
	at org.testng.TestRunner.run(TestRunner.java:505)
	at org.testng.SuiteRunner.runTest(SuiteRunner.java:455)
	at org.testng.SuiteRunner.runSequentially(SuiteRunner.java:450)
	at org.testng.SuiteRunner.privateRun(SuiteRunner.java:415)
	at org.testng.SuiteRunner.run(SuiteRunner.java:364)
	at org.testng.SuiteRunnerWorker.runSuite(SuiteRunnerWorker.java:52)
	at org.testng.SuiteRunnerWorker.run(SuiteRunnerWorker.java:84)
	at org.testng.TestNG.runSuitesSequentially(TestNG.java:1208)
	at org.testng.TestNG.runSuitesLocally(TestNG.java:1137)
	at org.testng.TestNG.runSuites(TestNG.java:1049)
	at org.testng.TestNG.run(TestNG.java:1017)
	at org.testng.remote.AbstractRemoteTestNG.run(AbstractRemoteTestNG.java:115)
	at org.testng.remote.RemoteTestNG.initAndRun(RemoteTestNG.java:251)
	at org.testng.remote.RemoteTestNG.main(RemoteTestNG.java:77)
</pre></div></td>
<td>0</td>
<td>PageObject.TC004_PUT_Update_Record@7b02881e</td></tr>
<tr>
<td title='PageObject.TC004_PUT_Update_Record.checkResponseBody()'><b>checkResponseBody</b><br>Test class: PageObject.TC004_PUT_Update_Record</td>
<td><div><pre>java.lang.AssertionError: expected [true] but found [false]
	at PageObject.TC004_PUT_Update_Record.checkResponseBody(TC004_PUT_Update_Record.java:62)
... Removed 29 stack frames</pre></div><a href='#' onClick='toggleBox("stack-trace247334525", this, "Click to show all stack frames", "Click to hide stack frames")'>Click to show all stack frames</a>
<div class='stack-trace' id='stack-trace247334525'><pre>java.lang.AssertionError: expected [true] but found [false]
	at org.testng.Assert.fail(Assert.java:96)
	at org.testng.Assert.failNotEquals(Assert.java:776)
	at org.testng.Assert.assertEqualsImpl(Assert.java:137)
	at org.testng.Assert.assertEquals(Assert.java:118)
	at org.testng.Assert.assertEquals(Assert.java:568)
	at org.testng.Assert.assertEquals(Assert.java:578)
	at PageObject.TC004_PUT_Update_Record.checkResponseBody(TC004_PUT_Update_Record.java:62)
	at java.base/jdk.internal.reflect.DirectMethodHandleAccessor.invoke(DirectMethodHandleAccessor.java:104)
	at java.base/java.lang.reflect.Method.invoke(Method.java:577)
	at org.testng.internal.MethodInvocationHelper.invokeMethod(MethodInvocationHelper.java:124)
	at org.testng.internal.Invoker.invokeMethod(Invoker.java:583)
	at org.testng.internal.Invoker.invokeTestMethod(Invoker.java:719)
	at org.testng.internal.Invoker.invokeTestMethods(Invoker.java:989)
	at org.testng.internal.TestMethodWorker.invokeTestMethods(TestMethodWorker.java:125)
	at org.testng.internal.TestMethodWorker.run(TestMethodWorker.java:109)
	at org.testng.TestRunner.privateRun(TestRunner.java:648)
	at org.testng.TestRunner.run(TestRunner.java:505)
	at org.testng.SuiteRunner.runTest(SuiteRunner.java:455)
	at org.testng.SuiteRunner.runSequentially(SuiteRunner.java:450)
	at org.testng.SuiteRunner.privateRun(SuiteRunner.java:415)
	at org.testng.SuiteRunner.run(SuiteRunner.java:364)
	at org.testng.SuiteRunnerWorker.runSuite(SuiteRunnerWorker.java:52)
	at org.testng.SuiteRunnerWorker.run(SuiteRunnerWorker.java:84)
	at org.testng.TestNG.runSuitesSequentially(TestNG.java:1208)
	at org.testng.TestNG.runSuitesLocally(TestNG.java:1137)
	at org.testng.TestNG.runSuites(TestNG.java:1049)
	at org.testng.TestNG.run(TestNG.java:1017)
	at org.testng.remote.AbstractRemoteTestNG.run(AbstractRemoteTestNG.java:115)
	at org.testng.remote.RemoteTestNG.initAndRun(RemoteTestNG.java:251)
	at org.testng.remote.RemoteTestNG.main(RemoteTestNG.java:77)
</pre></div></td>
<td>0</td>
<td>PageObject.TC004_PUT_Update_Record@7b02881e</td></tr>
<tr>
<td title='PageObject.TC005_Delete_Record.checkResponseBody()'><b>checkResponseBody</b><br>Test class: PageObject.TC005_Delete_Record</td>
<td><div><pre>java.lang.AssertionError: expected [true] but found [false]
	at PageObject.TC005_Delete_Record.checkResponseBody(TC005_Delete_Record.java:54)
... Removed 29 stack frames</pre></div><a href='#' onClick='toggleBox("stack-trace1869400026", this, "Click to show all stack frames", "Click to hide stack frames")'>Click to show all stack frames</a>
<div class='stack-trace' id='stack-trace1869400026'><pre>java.lang.AssertionError: expected [true] but found [false]
	at org.testng.Assert.fail(Assert.java:96)
	at org.testng.Assert.failNotEquals(Assert.java:776)
	at org.testng.Assert.assertEqualsImpl(Assert.java:137)
	at org.testng.Assert.assertEquals(Assert.java:118)
	at org.testng.Assert.assertEquals(Assert.java:568)
	at org.testng.Assert.assertEquals(Assert.java:578)
	at PageObject.TC005_Delete_Record.checkResponseBody(TC005_Delete_Record.java:54)
	at java.base/jdk.internal.reflect.DirectMethodHandleAccessor.invoke(DirectMethodHandleAccessor.java:104)
	at java.base/java.lang.reflect.Method.invoke(Method.java:577)
	at org.testng.internal.MethodInvocationHelper.invokeMethod(MethodInvocationHelper.java:124)
	at org.testng.internal.Invoker.invokeMethod(Invoker.java:583)
	at org.testng.internal.Invoker.invokeTestMethod(Invoker.java:719)
	at org.testng.internal.Invoker.invokeTestMethods(Invoker.java:989)
	at org.testng.internal.TestMethodWorker.invokeTestMethods(TestMethodWorker.java:125)
	at org.testng.internal.TestMethodWorker.run(TestMethodWorker.java:109)
	at org.testng.TestRunner.privateRun(TestRunner.java:648)
	at org.testng.TestRunner.run(TestRunner.java:505)
	at org.testng.SuiteRunner.runTest(SuiteRunner.java:455)
	at org.testng.SuiteRunner.runSequentially(SuiteRunner.java:450)
	at org.testng.SuiteRunner.privateRun(SuiteRunner.java:415)
	at org.testng.SuiteRunner.run(SuiteRunner.java:364)
	at org.testng.SuiteRunnerWorker.runSuite(SuiteRunnerWorker.java:52)
	at org.testng.SuiteRunnerWorker.run(SuiteRunnerWorker.java:84)
	at org.testng.TestNG.runSuitesSequentially(TestNG.java:1208)
	at org.testng.TestNG.runSuitesLocally(TestNG.java:1137)
	at org.testng.TestNG.runSuites(TestNG.java:1049)
	at org.testng.TestNG.run(TestNG.java:1017)
	at org.testng.remote.AbstractRemoteTestNG.run(AbstractRemoteTestNG.java:115)
	at org.testng.remote.RemoteTestNG.initAndRun(RemoteTestNG.java:251)
	at org.testng.remote.RemoteTestNG.main(RemoteTestNG.java:77)
</pre></div></td>
<td>0</td>
<td>PageObject.TC005_Delete_Record@1ebd319f</td></tr>
<tr>
<td title='PageObject.TC001_GET_All_Employees.checkResponseTime()'><b>checkResponseTime</b><br>Test class: PageObject.TC001_GET_All_Employees</td>
<td><div><pre>java.lang.AssertionError: expected [true] but found [false]
	at PageObject.TC001_GET_All_Employees.checkResponseTime(TC001_GET_All_Employees.java:58)
... Removed 27 stack frames</pre></div><a href='#' onClick='toggleBox("stack-trace2132736278", this, "Click to show all stack frames", "Click to hide stack frames")'>Click to show all stack frames</a>
<div class='stack-trace' id='stack-trace2132736278'><pre>java.lang.AssertionError: expected [true] but found [false]
	at org.testng.Assert.fail(Assert.java:96)
	at org.testng.Assert.failNotEquals(Assert.java:776)
	at org.testng.Assert.assertTrue(Assert.java:44)
	at org.testng.Assert.assertTrue(Assert.java:54)
	at PageObject.TC001_GET_All_Employees.checkResponseTime(TC001_GET_All_Employees.java:58)
	at java.base/jdk.internal.reflect.DirectMethodHandleAccessor.invoke(DirectMethodHandleAccessor.java:104)
	at java.base/java.lang.reflect.Method.invoke(Method.java:577)
	at org.testng.internal.MethodInvocationHelper.invokeMethod(MethodInvocationHelper.java:124)
	at org.testng.internal.Invoker.invokeMethod(Invoker.java:583)
	at org.testng.internal.Invoker.invokeTestMethod(Invoker.java:719)
	at org.testng.internal.Invoker.invokeTestMethods(Invoker.java:989)
	at org.testng.internal.TestMethodWorker.invokeTestMethods(TestMethodWorker.java:125)
	at org.testng.internal.TestMethodWorker.run(TestMethodWorker.java:109)
	at org.testng.TestRunner.privateRun(TestRunner.java:648)
	at org.testng.TestRunner.run(TestRunner.java:505)
	at org.testng.SuiteRunner.runTest(SuiteRunner.java:455)
	at org.testng.SuiteRunner.runSequentially(SuiteRunner.java:450)
	at org.testng.SuiteRunner.privateRun(SuiteRunner.java:415)
	at org.testng.SuiteRunner.run(SuiteRunner.java:364)
	at org.testng.SuiteRunnerWorker.runSuite(SuiteRunnerWorker.java:52)
	at org.testng.SuiteRunnerWorker.run(SuiteRunnerWorker.java:84)
	at org.testng.TestNG.runSuitesSequentially(TestNG.java:1208)
	at org.testng.TestNG.runSuitesLocally(TestNG.java:1137)
	at org.testng.TestNG.runSuites(TestNG.java:1049)
	at org.testng.TestNG.run(TestNG.java:1017)
	at org.testng.remote.AbstractRemoteTestNG.run(AbstractRemoteTestNG.java:115)
	at org.testng.remote.RemoteTestNG.initAndRun(RemoteTestNG.java:251)
	at org.testng.remote.RemoteTestNG.main(RemoteTestNG.java:77)
</pre></div></td>
<td>0</td>
<td>PageObject.TC001_GET_All_Employees@117e949d</td></tr>
<tr>
<td title='PageObject.TC004_PUT_Update_Record.checkStatusCode()'><b>checkStatusCode</b><br>Test class: PageObject.TC004_PUT_Update_Record</td>
<td><div><pre>java.lang.AssertionError: expected [200] but found [429]
	at PageObject.TC004_PUT_Update_Record.checkStatusCode(TC004_PUT_Update_Record.java:76)
... Removed 29 stack frames</pre></div><a href='#' onClick='toggleBox("stack-trace1426974392", this, "Click to show all stack frames", "Click to hide stack frames")'>Click to show all stack frames</a>
<div class='stack-trace' id='stack-trace1426974392'><pre>java.lang.AssertionError: expected [200] but found [429]
	at org.testng.Assert.fail(Assert.java:96)
	at org.testng.Assert.failNotEquals(Assert.java:776)
	at org.testng.Assert.assertEqualsImpl(Assert.java:137)
	at org.testng.Assert.assertEquals(Assert.java:118)
	at org.testng.Assert.assertEquals(Assert.java:652)
	at org.testng.Assert.assertEquals(Assert.java:662)
	at PageObject.TC004_PUT_Update_Record.checkStatusCode(TC004_PUT_Update_Record.java:76)
	at java.base/jdk.internal.reflect.DirectMethodHandleAccessor.invoke(DirectMethodHandleAccessor.java:104)
	at java.base/java.lang.reflect.Method.invoke(Method.java:577)
	at org.testng.internal.MethodInvocationHelper.invokeMethod(MethodInvocationHelper.java:124)
	at org.testng.internal.Invoker.invokeMethod(Invoker.java:583)
	at org.testng.internal.Invoker.invokeTestMethod(Invoker.java:719)
	at org.testng.internal.Invoker.invokeTestMethods(Invoker.java:989)
	at org.testng.internal.TestMethodWorker.invokeTestMethods(TestMethodWorker.java:125)
	at org.testng.internal.TestMethodWorker.run(TestMethodWorker.java:109)
	at org.testng.TestRunner.privateRun(TestRunner.java:648)
	at org.testng.TestRunner.run(TestRunner.java:505)
	at org.testng.SuiteRunner.runTest(SuiteRunner.java:455)
	at org.testng.SuiteRunner.runSequentially(SuiteRunner.java:450)
	at org.testng.SuiteRunner.privateRun(SuiteRunner.java:415)
	at org.testng.SuiteRunner.run(SuiteRunner.java:364)
	at org.testng.SuiteRunnerWorker.runSuite(SuiteRunnerWorker.java:52)
	at org.testng.SuiteRunnerWorker.run(SuiteRunnerWorker.java:84)
	at org.testng.TestNG.runSuitesSequentially(TestNG.java:1208)
	at org.testng.TestNG.runSuitesLocally(TestNG.java:1137)
	at org.testng.TestNG.runSuites(TestNG.java:1049)
	at org.testng.TestNG.run(TestNG.java:1017)
	at org.testng.remote.AbstractRemoteTestNG.run(AbstractRemoteTestNG.java:115)
	at org.testng.remote.RemoteTestNG.initAndRun(RemoteTestNG.java:251)
	at org.testng.remote.RemoteTestNG.main(RemoteTestNG.java:77)
</pre></div></td>
<td>0</td>
<td>PageObject.TC004_PUT_Update_Record@7b02881e</td></tr>
<tr>
<td title='PageObject.TC005_Delete_Record.checkStatusCode()'><b>checkStatusCode</b><br>Test class: PageObject.TC005_Delete_Record</td>
<td><div><pre>java.lang.AssertionError: expected [200] but found [429]
	at PageObject.TC005_Delete_Record.checkStatusCode(TC005_Delete_Record.java:65)
... Removed 29 stack frames</pre></div><a href='#' onClick='toggleBox("stack-trace1572582034", this, "Click to show all stack frames", "Click to hide stack frames")'>Click to show all stack frames</a>
<div class='stack-trace' id='stack-trace1572582034'><pre>java.lang.AssertionError: expected [200] but found [429]
	at org.testng.Assert.fail(Assert.java:96)
	at org.testng.Assert.failNotEquals(Assert.java:776)
	at org.testng.Assert.assertEqualsImpl(Assert.java:137)
	at org.testng.Assert.assertEquals(Assert.java:118)
	at org.testng.Assert.assertEquals(Assert.java:652)
	at org.testng.Assert.assertEquals(Assert.java:662)
	at PageObject.TC005_Delete_Record.checkStatusCode(TC005_Delete_Record.java:65)
	at java.base/jdk.internal.reflect.DirectMethodHandleAccessor.invoke(DirectMethodHandleAccessor.java:104)
	at java.base/java.lang.reflect.Method.invoke(Method.java:577)
	at org.testng.internal.MethodInvocationHelper.invokeMethod(MethodInvocationHelper.java:124)
	at org.testng.internal.Invoker.invokeMethod(Invoker.java:583)
	at org.testng.internal.Invoker.invokeTestMethod(Invoker.java:719)
	at org.testng.internal.Invoker.invokeTestMethods(Invoker.java:989)
	at org.testng.internal.TestMethodWorker.invokeTestMethods(TestMethodWorker.java:125)
	at org.testng.internal.TestMethodWorker.run(TestMethodWorker.java:109)
	at org.testng.TestRunner.privateRun(TestRunner.java:648)
	at org.testng.TestRunner.run(TestRunner.java:505)
	at org.testng.SuiteRunner.runTest(SuiteRunner.java:455)
	at org.testng.SuiteRunner.runSequentially(SuiteRunner.java:450)
	at org.testng.SuiteRunner.privateRun(SuiteRunner.java:415)
	at org.testng.SuiteRunner.run(SuiteRunner.java:364)
	at org.testng.SuiteRunnerWorker.runSuite(SuiteRunnerWorker.java:52)
	at org.testng.SuiteRunnerWorker.run(SuiteRunnerWorker.java:84)
	at org.testng.TestNG.runSuitesSequentially(TestNG.java:1208)
	at org.testng.TestNG.runSuitesLocally(TestNG.java:1137)
	at org.testng.TestNG.runSuites(TestNG.java:1049)
	at org.testng.TestNG.run(TestNG.java:1017)
	at org.testng.remote.AbstractRemoteTestNG.run(AbstractRemoteTestNG.java:115)
	at org.testng.remote.RemoteTestNG.initAndRun(RemoteTestNG.java:251)
	at org.testng.remote.RemoteTestNG.main(RemoteTestNG.java:77)
</pre></div></td>
<td>0</td>
<td>PageObject.TC005_Delete_Record@1ebd319f</td></tr>
<tr>
<td title='PageObject.TC004_PUT_Update_Record.checkStatusLine()'><b>checkStatusLine</b><br>Test class: PageObject.TC004_PUT_Update_Record</td>
<td><div><pre>java.lang.AssertionError: expected [HTTP/1.1 200 OK] but found [HTTP/1.1 429 Too Many Requests]
	at PageObject.TC004_PUT_Update_Record.checkStatusLine(TC004_PUT_Update_Record.java:96)
... Removed 29 stack frames</pre></div><a href='#' onClick='toggleBox("stack-trace1013728905", this, "Click to show all stack frames", "Click to hide stack frames")'>Click to show all stack frames</a>
<div class='stack-trace' id='stack-trace1013728905'><pre>java.lang.AssertionError: expected [HTTP/1.1 200 OK] but found [HTTP/1.1 429 Too Many Requests]
	at org.testng.Assert.fail(Assert.java:96)
	at org.testng.Assert.failNotEquals(Assert.java:776)
	at org.testng.Assert.assertEqualsImpl(Assert.java:137)
	at org.testng.Assert.assertEquals(Assert.java:118)
	at org.testng.Assert.assertEquals(Assert.java:453)
	at org.testng.Assert.assertEquals(Assert.java:463)
	at PageObject.TC004_PUT_Update_Record.checkStatusLine(TC004_PUT_Update_Record.java:96)
	at java.base/jdk.internal.reflect.DirectMethodHandleAccessor.invoke(DirectMethodHandleAccessor.java:104)
	at java.base/java.lang.reflect.Method.invoke(Method.java:577)
	at org.testng.internal.MethodInvocationHelper.invokeMethod(MethodInvocationHelper.java:124)
	at org.testng.internal.Invoker.invokeMethod(Invoker.java:583)
	at org.testng.internal.Invoker.invokeTestMethod(Invoker.java:719)
	at org.testng.internal.Invoker.invokeTestMethods(Invoker.java:989)
	at org.testng.internal.TestMethodWorker.invokeTestMethods(TestMethodWorker.java:125)
	at org.testng.internal.TestMethodWorker.run(TestMethodWorker.java:109)
	at org.testng.TestRunner.privateRun(TestRunner.java:648)
	at org.testng.TestRunner.run(TestRunner.java:505)
	at org.testng.SuiteRunner.runTest(SuiteRunner.java:455)
	at org.testng.SuiteRunner.runSequentially(SuiteRunner.java:450)
	at org.testng.SuiteRunner.privateRun(SuiteRunner.java:415)
	at org.testng.SuiteRunner.run(SuiteRunner.java:364)
	at org.testng.SuiteRunnerWorker.runSuite(SuiteRunnerWorker.java:52)
	at org.testng.SuiteRunnerWorker.run(SuiteRunnerWorker.java:84)
	at org.testng.TestNG.runSuitesSequentially(TestNG.java:1208)
	at org.testng.TestNG.runSuitesLocally(TestNG.java:1137)
	at org.testng.TestNG.runSuites(TestNG.java:1049)
	at org.testng.TestNG.run(TestNG.java:1017)
	at org.testng.remote.AbstractRemoteTestNG.run(AbstractRemoteTestNG.java:115)
	at org.testng.remote.RemoteTestNG.initAndRun(RemoteTestNG.java:251)
	at org.testng.remote.RemoteTestNG.main(RemoteTestNG.java:77)
</pre></div></td>
<td>0</td>
<td>PageObject.TC004_PUT_Update_Record@7b02881e</td></tr>
</table><p>
<table width='100%' border='1' class='invocation-passed'>
<tr><td colspan='4' align='center'><b>PASSED TESTS</b></td></tr>
<tr><td><b>Test method</b></td>
<td width="30%"><b>Exception</b></td>
<td width="10%"><b>Time (seconds)</b></td>
<td><b>Instance</b></td>
</tr>
<tr>
<td title='PageObject.TC001_GET_All_Employees.checkContentEncoding()'><b>checkContentEncoding</b><br>Test class: PageObject.TC001_GET_All_Employees</td>
<td></td>
<td>0</td>
<td>PageObject.TC001_GET_All_Employees@117e949d</td></tr>
<tr>
<td title='PageObject.TC002_GET_Single_Employee.checkContentEncoding()'><b>checkContentEncoding</b><br>Test class: PageObject.TC002_GET_Single_Employee</td>
<td></td>
<td>0</td>
<td>PageObject.TC002_GET_Single_Employee@6db9f5a4</td></tr>
<tr>
<td title='PageObject.TC004_PUT_Update_Record.checkContentEncoding()'><b>checkContentEncoding</b><br>Test class: PageObject.TC004_PUT_Update_Record</td>
<td></td>
<td>0</td>
<td>PageObject.TC004_PUT_Update_Record@7b02881e</td></tr>
<tr>
<td title='PageObject.TC005_Delete_Record.checkContentEncoding()'><b>checkContentEncoding</b><br>Test class: PageObject.TC005_Delete_Record</td>
<td></td>
<td>0</td>
<td>PageObject.TC005_Delete_Record@1ebd319f</td></tr>
<tr>
<td title='PageObject.TC001_GET_All_Employees.checkContentType()'><b>checkContentType</b><br>Test class: PageObject.TC001_GET_All_Employees</td>
<td></td>
<td>0</td>
<td>PageObject.TC001_GET_All_Employees@117e949d</td></tr>
<tr>
<td title='PageObject.TC002_GET_Single_Employee.checkContentType()'><b>checkContentType</b><br>Test class: PageObject.TC002_GET_Single_Employee</td>
<td></td>
<td>0</td>
<td>PageObject.TC002_GET_Single_Employee@6db9f5a4</td></tr>
<tr>
<td title='PageObject.TC003_POST_Employee_Record.checkContentType()'><b>checkContentType</b><br>Test class: PageObject.TC003_POST_Employee_Record</td>
<td></td>
<td>0</td>
<td>PageObject.TC003_POST_Employee_Record@5f8edcc5</td></tr>
<tr>
<td title='PageObject.TC005_Delete_Record.checkContentType()'><b>checkContentType</b><br>Test class: PageObject.TC005_Delete_Record</td>
<td></td>
<td>0</td>
<td>PageObject.TC005_Delete_Record@1ebd319f</td></tr>
<tr>
<td title='PageObject.TC001_GET_All_Employees.checkCookies()'><b>checkCookies</b><br>Test class: PageObject.TC001_GET_All_Employees</td>
<td></td>
<td>0</td>
<td>PageObject.TC001_GET_All_Employees@117e949d</td></tr>
<tr>
<td title='PageObject.TC001_GET_All_Employees.checkResponseBody()'><b>checkResponseBody</b><br>Test class: PageObject.TC001_GET_All_Employees</td>
<td></td>
<td>0</td>
<td>PageObject.TC001_GET_All_Employees@117e949d</td></tr>
<tr>
<td title='PageObject.TC002_GET_Single_Employee.checkResponseBody()'><b>checkResponseBody</b><br>Test class: PageObject.TC002_GET_Single_Employee</td>
<td></td>
<td>0</td>
<td>PageObject.TC002_GET_Single_Employee@6db9f5a4</td></tr>
<tr>
<td title='PageObject.TC003_POST_Employee_Record.checkResponseBody()'><b>checkResponseBody</b><br>Test class: PageObject.TC003_POST_Employee_Record</td>
<td></td>
<td>0</td>
<td>PageObject.TC003_POST_Employee_Record@5f8edcc5</td></tr>
<tr>
<td title='PageObject.TC002_GET_Single_Employee.checkResponseTime()'><b>checkResponseTime</b><br>Test class: PageObject.TC002_GET_Single_Employee</td>
<td></td>
<td>0</td>
<td>PageObject.TC002_GET_Single_Employee@6db9f5a4</td></tr>
<tr>
<td title='PageObject.TC003_POST_Employee_Record.checkResponseTime()'><b>checkResponseTime</b><br>Test class: PageObject.TC003_POST_Employee_Record</td>
<td></td>
<td>0</td>
<td>PageObject.TC003_POST_Employee_Record@5f8edcc5</td></tr>
<tr>
<td title='PageObject.TC004_PUT_Update_Record.checkResponseTime()'><b>checkResponseTime</b><br>Test class: PageObject.TC004_PUT_Update_Record</td>
<td></td>
<td>0</td>
<td>PageObject.TC004_PUT_Update_Record@7b02881e</td></tr>
<tr>
<td title='PageObject.TC005_Delete_Record.checkResponseTime()'><b>checkResponseTime</b><br>Test class: PageObject.TC005_Delete_Record</td>
<td></td>
<td>0</td>
<td>PageObject.TC005_Delete_Record@1ebd319f</td></tr>
<tr>
<td title='PageObject.TC001_GET_All_Employees.checkServerType()'><b>checkServerType</b><br>Test class: PageObject.TC001_GET_All_Employees</td>
<td></td>
<td>0</td>
<td>PageObject.TC001_GET_All_Employees@117e949d</td></tr>
<tr>
<td title='PageObject.TC002_GET_Single_Employee.checkServerType()'><b>checkServerType</b><br>Test class: PageObject.TC002_GET_Single_Employee</td>
<td></td>
<td>0</td>
<td>PageObject.TC002_GET_Single_Employee@6db9f5a4</td></tr>
<tr>
<td title='PageObject.TC003_POST_Employee_Record.checkServerType()'><b>checkServerType</b><br>Test class: PageObject.TC003_POST_Employee_Record</td>
<td></td>
<td>0</td>
<td>PageObject.TC003_POST_Employee_Record@5f8edcc5</td></tr>
<tr>
<td title='PageObject.TC004_PUT_Update_Record.checkServerType()'><b>checkServerType</b><br>Test class: PageObject.TC004_PUT_Update_Record</td>
<td></td>
<td>0</td>
<td>PageObject.TC004_PUT_Update_Record@7b02881e</td></tr>
<tr>
<td title='PageObject.TC005_Delete_Record.checkServerType()'><b>checkServerType</b><br>Test class: PageObject.TC005_Delete_Record</td>
<td></td>
<td>0</td>
<td>PageObject.TC005_Delete_Record@1ebd319f</td></tr>
<tr>
<td title='PageObject.TC001_GET_All_Employees.checkStatusCode()'><b>checkStatusCode</b><br>Test class: PageObject.TC001_GET_All_Employees</td>
<td></td>
<td>0</td>
<td>PageObject.TC001_GET_All_Employees@117e949d</td></tr>
<tr>
<td title='PageObject.TC002_GET_Single_Employee.checkStatusCode()'><b>checkStatusCode</b><br>Test class: PageObject.TC002_GET_Single_Employee</td>
<td></td>
<td>0</td>
<td>PageObject.TC002_GET_Single_Employee@6db9f5a4</td></tr>
<tr>
<td title='PageObject.TC003_POST_Employee_Record.checkStatusCode()'><b>checkStatusCode</b><br>Test class: PageObject.TC003_POST_Employee_Record</td>
<td></td>
<td>0</td>
<td>PageObject.TC003_POST_Employee_Record@5f8edcc5</td></tr>
<tr>
<td title='PageObject.TC001_GET_All_Employees.checkStatusLine()'><b>checkStatusLine</b><br>Test class: PageObject.TC001_GET_All_Employees</td>
<td></td>
<td>0</td>
<td>PageObject.TC001_GET_All_Employees@117e949d</td></tr>
<tr>
<td title='PageObject.TC002_GET_Single_Employee.checkStatusLine()'><b>checkStatusLine</b><br>Test class: PageObject.TC002_GET_Single_Employee</td>
<td></td>
<td>0</td>
<td>PageObject.TC002_GET_Single_Employee@6db9f5a4</td></tr>
<tr>
<td title='PageObject.TC003_POST_Employee_Record.checkStatusLine()'><b>checkStatusLine</b><br>Test class: PageObject.TC003_POST_Employee_Record</td>
<td></td>
<td>0</td>
<td>PageObject.TC003_POST_Employee_Record@5f8edcc5</td></tr>
<tr>
<td title='PageObject.TC005_Delete_Record.checkStatusLine()'><b>checkStatusLine</b><br>Test class: PageObject.TC005_Delete_Record</td>
<td></td>
<td>0</td>
<td>PageObject.TC005_Delete_Record@1ebd319f</td></tr>
</table><p>
</body>
</html>